Using pre-set license
Built from '2020.2/release' branch; Version is '2020.2.4f1 (becced5a802b) revision 12504301'; Using compiler version '192528614'; Build Type 'Release'
OS: 'Windows 10 Pro; OS build 19041.804; Version 2004; 64bit' Language: 'en' Physical Memory: 16333 MB
BatchMode: 1, IsHumanControllingUs: 0, StartBugReporterOnCrash: 0, Is64bit: 1, IsPro: 0

 COMMAND LINE ARGUMENTS:
C:\Program Files\Unity\Hub\Editor\2020.2.4f1\Editor\Unity.exe
-adb2
-batchMode
-noUpm
-name
AssetImportWorker0
-projectPath
D:/Unity Projects/LeapUnityModules
-logFile
Logs/AssetImportWorker0.log
-srvPort
55032
Successfully changed project path to: D:/Unity Projects/LeapUnityModules
D:/Unity Projects/LeapUnityModules
Using Asset Import Pipeline V2.
Refreshing native plugins compatible for Editor in 63.45 ms, found 4 plugins.
Preloading 1 native plugins for Editor in 1.27 ms.
Initialize engine version: 2020.2.4f1 (becced5a802b)
[Subsystems] Discovering subsystems at path C:/Program Files/Unity/Hub/Editor/2020.2.4f1/Editor/Data/Resources/UnitySubsystems
[Subsystems] Discovering subsystems at path D:/Unity Projects/LeapUnityModules/Assets
GfxDevice: creating device client; threaded=0
Direct3D:
    Version:  Direct3D 11.0 [level 11.1]
    Renderer: NVIDIA GeForce GTX 1080 (ID=0x1b80)
    Vendor:   
    VRAM:     8079 MB
    Driver:   27.21.14.6140
Initialize mono
Mono path[0] = 'C:/Program Files/Unity/Hub/Editor/2020.2.4f1/Editor/Data/Managed'
Mono path[1] = 'C:/Program Files/Unity/Hub/Editor/2020.2.4f1/Editor/Data/MonoBleedingEdge/lib/mono/unityjit'
Mono config path = 'C:/Program Files/Unity/Hub/Editor/2020.2.4f1/Editor/Data/MonoBleedingEdge/etc'
Using monoOptions --debugger-agent=transport=dt_socket,embedding=1,server=y,suspend=n,address=127.0.0.1:56404
Begin MonoManager ReloadAssembly
Registering precompiled unity dll's ...
Register platform support module: C:/Program Files/Unity/Hub/Editor/2020.2.4f1/Editor/Data/PlaybackEngines/WindowsStandaloneSupport/UnityEditor.WindowsStandalone.Extensions.dll
Registered in 0.003172 seconds.
Native extension for WindowsStandalone target not found
Refreshing native plugins compatible for Editor in 57.96 ms, found 4 plugins.
Preloading 1 native plugins for Editor in 0.08 ms.
Invoked RoslynAnalysisRunner static constructor.
RoslynAnalysisRunner will not be running.
RoslynAnalysisRunner has terminated.
Mono: successfully reloaded assembly
- Completed reload, in  1.413 seconds
Platform modules already initialized, skipping
Registering precompiled user dll's ...
Registered in 0.002977 seconds.
Begin MonoManager ReloadAssembly
Native extension for WindowsStandalone target not found
Refreshing native plugins compatible for Editor in 0.56 ms, found 4 plugins.
Preloading 1 native plugins for Editor in 0.08 ms.
Invoked RoslynAnalysisRunner static constructor.
RoslynAnalysisRunner will not be running.
RoslynAnalysisRunner has terminated.
[XR] OculusXRPlugin: registering subsystems
[XR] Unable to register display lifecyle provider: [1]
[XR] Oculus Input lifecycle provider registered.
[XR] Unable to register input lifecyle provider: [1]
NullReferenceException: Object reference not set to an instance of an object
  at Unity.XR.Oculus.OculusLoader.AssetPathToAbsolutePath (System.String assetPath) [0x00048] in D:\Unity Projects\LeapUnityModules\Library\PackageCache\com.unity.xr.oculus@1.7.0\Runtime\OculusLoader.cs:243 
  at Unity.XR.Oculus.OculusLoader.EditorLoadOVRPlugin () [0x0007b] in D:\Unity Projects\LeapUnityModules\Library\PackageCache\com.unity.xr.oculus@1.7.0\Runtime\OculusLoader.cs:228 

(Filename: Library/PackageCache/com.unity.xr.oculus@1.7.0/Runtime/OculusLoader.cs Line: 243)

Mono: successfully reloaded assembly
- Completed reload, in  1.329 seconds
Platform modules already initialized, skipping
========================================================================
Worker process is ready to serve import requests
Launched and connected shader compiler UnityShaderCompiler.exe after 0.07 seconds
Refreshing native plugins compatible for Editor in 0.54 ms, found 4 plugins.
Preloading 1 native plugins for Editor in 0.07 ms.
Unloading 1940 Unused Serialized files (Serialized files now loaded: 0)
System memory in use before: 93.4 MB.
System memory in use after: 93.4 MB.

Unloading 11 unused Assets to reduce memory usage. Loaded Objects now: 2381.
Total: 2.663900 ms (FindLiveObjects: 0.254600 ms CreateObjectMapping: 0.056000 ms MarkObjects: 2.255100 ms  DeleteObjects: 0.096900 ms)

========================================================================
Received Import Request.
  path: Assets/Plugins/LeapMotion/Core/Dependencies.txt
  artifactKey: Guid(cb1e08d6c2b9e4e629986b5afb697fdb) Importer(815301076,1909f56bfc062723c751e8b465ee728b)
Start importing Assets/Plugins/LeapMotion/Core/Dependencies.txt using Guid(cb1e08d6c2b9e4e629986b5afb697fdb) Importer(815301076,1909f56bfc062723c751e8b465ee728b)  -> (artifact id: 'd605eaf68f5b0f785ced66294faeb8f8') in 0.080322 seconds
  Import took 0.084020 seconds .

========================================================================
Received Import Request.
  Time since last request: 3.162390 seconds.
  path: Assets/Plugins/LeapMotion/Core/readme.txt
  artifactKey: Guid(74391854670564434b78361a63543d88) Importer(815301076,1909f56bfc062723c751e8b465ee728b)
Start importing Assets/Plugins/LeapMotion/Core/readme.txt using Guid(74391854670564434b78361a63543d88) Importer(815301076,1909f56bfc062723c751e8b465ee728b)  -> (artifact id: '083b6f58b15cfcb2520a480e61bf81aa') in 0.034228 seconds
  Import took 0.037778 seconds .

========================================================================
Received Import Request.
  Time since last request: 3.053257 seconds.
  path: Assets/Plugins/LeapMotion/Core/README_BEFORE_UPDATING.txt
  artifactKey: Guid(d448acc1992c34d13a211458f99e3ed2) Importer(815301076,1909f56bfc062723c751e8b465ee728b)
Start importing Assets/Plugins/LeapMotion/Core/README_BEFORE_UPDATING.txt using Guid(d448acc1992c34d13a211458f99e3ed2) Importer(815301076,1909f56bfc062723c751e8b465ee728b)  -> (artifact id: '2814183922ae80cb00bd4b00ba92a0a2') in 0.034124 seconds
  Import took 0.037623 seconds .

========================================================================
Received Import Request.
  Time since last request: 2.863133 seconds.
  path: Assets/Plugins/LeapMotion/Core/Version.txt
  artifactKey: Guid(1037130d4032447199439bf79dcd7554) Importer(815301076,1909f56bfc062723c751e8b465ee728b)
Start importing Assets/Plugins/LeapMotion/Core/Version.txt using Guid(1037130d4032447199439bf79dcd7554) Importer(815301076,1909f56bfc062723c751e8b465ee728b)  -> (artifact id: '799394553731578c7015e7b4df32ab37') in 0.033739 seconds
  Import took 0.037234 seconds .

========================================================================
Received Import Request.
  Time since last request: 12.835192 seconds.
  path: Assets/Plugins/LeapMotion/Experimental
  artifactKey: Guid(0005ae6a3df32274a8a982395aba7a57) Importer(815301076,1909f56bfc062723c751e8b465ee728b)
Start importing Assets/Plugins/LeapMotion/Experimental using Guid(0005ae6a3df32274a8a982395aba7a57) Importer(815301076,1909f56bfc062723c751e8b465ee728b)  -> (artifact id: '366830abe89ce6e75262dca572620e8d') in 0.034192 seconds
  Import took 0.037809 seconds .

========================================================================
Received Import Request.
  Time since last request: 0.372498 seconds.
  path: Assets/Plugins/LeapMotion/Internal
  artifactKey: Guid(1c51722f4808c7d4cb0076af906e08c6) Importer(815301076,1909f56bfc062723c751e8b465ee728b)
Start importing Assets/Plugins/LeapMotion/Internal using Guid(1c51722f4808c7d4cb0076af906e08c6) Importer(815301076,1909f56bfc062723c751e8b465ee728b)  -> (artifact id: 'b888ea90d34d896c1b9b95964d5db87f') in 0.008762 seconds
  Import took 0.012426 seconds .

========================================================================
Received Import Request.
  Time since last request: 0.000427 seconds.
  path: Assets/Plugins/LeapMotion/Internal
  artifactKey: Guid(1c51722f4808c7d4cb0076af906e08c6) Importer(815301076,1909f56bfc062723c751e8b465ee728b)
Start importing Assets/Plugins/LeapMotion/Internal using Guid(1c51722f4808c7d4cb0076af906e08c6) Importer(815301076,1909f56bfc062723c751e8b465ee728b)  -> (artifact id: 'b888ea90d34d896c1b9b95964d5db87f') in 0.003363 seconds
  Import took 0.006797 seconds .

========================================================================
Received Import Request.
  Time since last request: 0.551346 seconds.
  path: Assets/Plugins/LeapMotion/Modules
  artifactKey: Guid(d69e98a10725b914d863ba66e4ca3203) Importer(815301076,1909f56bfc062723c751e8b465ee728b)
Start importing Assets/Plugins/LeapMotion/Modules using Guid(d69e98a10725b914d863ba66e4ca3203) Importer(815301076,1909f56bfc062723c751e8b465ee728b)  -> (artifact id: 'bea8d173e9552f15937d3348b5f98aff') in 0.008171 seconds
  Import took 0.011753 seconds .

========================================================================
Received Import Request.
  Time since last request: 0.000307 seconds.
  path: Assets/Plugins/LeapMotion/Modules
  artifactKey: Guid(d69e98a10725b914d863ba66e4ca3203) Importer(815301076,1909f56bfc062723c751e8b465ee728b)
Start importing Assets/Plugins/LeapMotion/Modules using Guid(d69e98a10725b914d863ba66e4ca3203) Importer(815301076,1909f56bfc062723c751e8b465ee728b)  -> (artifact id: 'bea8d173e9552f15937d3348b5f98aff') in 0.002977 seconds
  Import took 0.006265 seconds .

========================================================================
Received Import Request.
  Time since last request: 7.822169 seconds.
  path: Assets/Plugins/LeapMotion/Modules/InteractionEngine
  artifactKey: Guid(b0fd8f0120fd2fe4abc0b1615d839716) Importer(815301076,1909f56bfc062723c751e8b465ee728b)
Start importing Assets/Plugins/LeapMotion/Modules/InteractionEngine using Guid(b0fd8f0120fd2fe4abc0b1615d839716) Importer(815301076,1909f56bfc062723c751e8b465ee728b)  -> (artifact id: 'a6b2cc905ceb62dde23eebab69a41396') in 0.034981 seconds
  Import took 0.038616 seconds .

========================================================================
Received Import Request.
  Time since last request: 0.082087 seconds.
  path: Assets/Plugins/LeapMotion/Modules/InteractionEngine/Package.asset
  artifactKey: Guid(60936e78f540d804ba4f2f4b509b1994) Importer(815301076,1909f56bfc062723c751e8b465ee728b)
Start importing Assets/Plugins/LeapMotion/Modules/InteractionEngine/Package.asset using Guid(60936e78f540d804ba4f2f4b509b1994) Importer(815301076,1909f56bfc062723c751e8b465ee728b)  -> (artifact id: 'bb581b26fe36e726d82ef69dc53efb38') in 0.011723 seconds
  Import took 0.015392 seconds .

========================================================================
Received Import Request.
  Time since last request: 1.724156 seconds.
  path: Assets/Plugins/LeapMotion/Modules/InteractionEngine/Scripts
  artifactKey: Guid(cee5279846cdb944e85efd776b43343b) Importer(815301076,1909f56bfc062723c751e8b465ee728b)
Start importing Assets/Plugins/LeapMotion/Modules/InteractionEngine/Scripts using Guid(cee5279846cdb944e85efd776b43343b) Importer(815301076,1909f56bfc062723c751e8b465ee728b)  -> (artifact id: 'd433c07af7cfa4d2b1d51bea8b12a5f0') in 0.075485 seconds
  Import took 0.079068 seconds .

========================================================================
Received Import Request.
  Time since last request: 3.839203 seconds.
  path: Assets/Plugins/LeapMotion/Modules/InteractionEngine/Scripts/Internal
  artifactKey: Guid(9f5fa3e621efa13429d8fad3e5bbf38f) Importer(815301076,1909f56bfc062723c751e8b465ee728b)
Start importing Assets/Plugins/LeapMotion/Modules/InteractionEngine/Scripts/Internal using Guid(9f5fa3e621efa13429d8fad3e5bbf38f) Importer(815301076,1909f56bfc062723c751e8b465ee728b)  -> (artifact id: 'a22782e2233e62da22967d1c3226bb29') in 0.003670 seconds
  Import took 0.007441 seconds .

========================================================================
Received Import Request.
  Time since last request: 13.438174 seconds.
  path: Assets/Plugins/LeapMotion/Modules/InteractionEngine/Testing
  artifactKey: Guid(4e25ac1fbb88ee448911a8bc27af71bc) Importer(815301076,1909f56bfc062723c751e8b465ee728b)
Start importing Assets/Plugins/LeapMotion/Modules/InteractionEngine/Testing using Guid(4e25ac1fbb88ee448911a8bc27af71bc) Importer(815301076,1909f56bfc062723c751e8b465ee728b)  -> (artifact id: 'fe46d8dc7d3b1c89d623eb9e4a22841b') in 0.035001 seconds
  Import took 0.038579 seconds .

========================================================================
Received Import Request.
  Time since last request: 2.105116 seconds.
  path: Assets/Plugins/LeapMotion/Modules/InteractionEngine/Examples
  artifactKey: Guid(027326fe61aad1843bb9a33898424e81) Importer(815301076,1909f56bfc062723c751e8b465ee728b)
Start importing Assets/Plugins/LeapMotion/Modules/InteractionEngine/Examples using Guid(027326fe61aad1843bb9a33898424e81) Importer(815301076,1909f56bfc062723c751e8b465ee728b)  -> (artifact id: '8cdb730e19b66da9a76bd2274b897c6a') in 0.033763 seconds
  Import took 0.037378 seconds .

========================================================================
Received Import Request.
  Time since last request: 6.392149 seconds.
  path: Assets/Plugins/LeapMotion/Modules/Hands
  artifactKey: Guid(0a49871325d81384ea8d7c7fa8c038cf) Importer(815301076,1909f56bfc062723c751e8b465ee728b)
Start importing Assets/Plugins/LeapMotion/Modules/Hands using Guid(0a49871325d81384ea8d7c7fa8c038cf) Importer(815301076,1909f56bfc062723c751e8b465ee728b)  -> (artifact id: '0597001f38de357b3e10fde55ba0238e') in 0.008085 seconds
  Import took 0.011695 seconds .

========================================================================
Received Import Request.
  Time since last request: 0.112329 seconds.
  path: Assets/Plugins/LeapMotion/Modules/Hands/Package.asset
  artifactKey: Guid(0270504144afc6248ba5d4114c5feddf) Importer(815301076,1909f56bfc062723c751e8b465ee728b)
Start importing Assets/Plugins/LeapMotion/Modules/Hands/Package.asset using Guid(0270504144afc6248ba5d4114c5feddf) Importer(815301076,1909f56bfc062723c751e8b465ee728b)  -> (artifact id: '9df1bd26c1b0d23883c43f2609712a38') in 0.003886 seconds
  Import took 0.007436 seconds .

========================================================================
Received Import Request.
  Time since last request: 125.259610 seconds.
  path: Assets/Plugins/LeapMotion/Core/Prefabs/Attachment Hands.prefab
  artifactKey: Guid(80001c6c93c5068488198a82e151e3ff) Importer(815301076,1909f56bfc062723c751e8b465ee728b)
Start importing Assets/Plugins/LeapMotion/Core/Prefabs/Attachment Hands.prefab using Guid(80001c6c93c5068488198a82e151e3ff) Importer(815301076,1909f56bfc062723c751e8b465ee728b)  -> (artifact id: 'e27f2bf54e1a869c50ccc6a57bb52d28') in 0.031386 seconds
  Import took 0.035059 seconds .

========================================================================
Received Import Request.
  Time since last request: 0.000234 seconds.
  path: Assets/Plugins/LeapMotion/Legacy/Attachments/Prefabs/HandAttachments-L.prefab
  artifactKey: Guid(fa5c11a695dad43f3944909204969330) Importer(815301076,1909f56bfc062723c751e8b465ee728b)
Start importing Assets/Plugins/LeapMotion/Legacy/Attachments/Prefabs/HandAttachments-L.prefab using Guid(fa5c11a695dad43f3944909204969330) Importer(815301076,1909f56bfc062723c751e8b465ee728b)  -> (artifact id: '443bb0094da59d2dbc07609726a6692f') in 0.013135 seconds
  Import took 0.016701 seconds .

========================================================================
Received Import Request.
  Time since last request: 0.000248 seconds.
  path: Assets/Plugins/LeapMotion/Core/Prefabs/HandModelsNonHuman/LoPoly Rigged Hand Right.prefab
  artifactKey: Guid(2276723046d707c4f94d431ceb80ab92) Importer(815301076,1909f56bfc062723c751e8b465ee728b)
Start importing Assets/Plugins/LeapMotion/Core/Prefabs/HandModelsNonHuman/LoPoly Rigged Hand Right.prefab using Guid(2276723046d707c4f94d431ceb80ab92) Importer(815301076,1909f56bfc062723c751e8b465ee728b)  -> (artifact id: '498a16113a0213522d06a1b8886691ef') in 0.421124 seconds
  Import took 0.425055 seconds .

========================================================================
Received Import Request.
  Time since last request: 0.000249 seconds.
  path: Assets/Plugins/LeapMotion/Core/Textures/LoPolyHand_Color.png
  artifactKey: Guid(5daedc5a8f1008648bcfb5931d482c94) Importer(815301076,1909f56bfc062723c751e8b465ee728b)
Start importing Assets/Plugins/LeapMotion/Core/Textures/LoPolyHand_Color.png using Guid(5daedc5a8f1008648bcfb5931d482c94) Importer(815301076,1909f56bfc062723c751e8b465ee728b)  -> (artifact id: '91cfa0d5bf40a54acea2cdad52026fa5') in 0.063417 seconds
  Import took 0.067000 seconds .

========================================================================
Received Import Request.
  Time since last request: 0.000219 seconds.
  path: Assets/Plugins/LeapMotion/Legacy/Attachments/Examples/Resources/SnufferHand.png
  artifactKey: Guid(6b2816ba9821ecb489f5843f562049dd) Importer(815301076,1909f56bfc062723c751e8b465ee728b)
Start importing Assets/Plugins/LeapMotion/Legacy/Attachments/Examples/Resources/SnufferHand.png using Guid(6b2816ba9821ecb489f5843f562049dd) Importer(815301076,1909f56bfc062723c751e8b465ee728b)  -> (artifact id: '25895d7d94d1c14394f0d4a94753c384') in 0.045076 seconds
  Import took 0.048328 seconds .

========================================================================
Received Import Request.
  Time since last request: 0.000220 seconds.
  path: Assets/Plugins/LeapMotion/Core/Prefabs/HandModelsNonHuman/DebugHand.prefab
  artifactKey: Guid(e98e2c2cadb464c9892b9e4d60d61f6f) Importer(815301076,1909f56bfc062723c751e8b465ee728b)
Start importing Assets/Plugins/LeapMotion/Core/Prefabs/HandModelsNonHuman/DebugHand.prefab using Guid(e98e2c2cadb464c9892b9e4d60d61f6f) Importer(815301076,1909f56bfc062723c751e8b465ee728b)  -> (artifact id: '319b0268f2cf44e2dc82ff8e0d493905') in 0.010887 seconds
  Import took 0.014186 seconds .

========================================================================
Received Import Request.
  Time since last request: 0.000220 seconds.
  path: Assets/Plugins/LeapMotion/Core/Examples/Example Assets/Attachment Hands Example Red.mat
  artifactKey: Guid(113742fcb5ec3254e96c40315b70f248) Importer(815301076,1909f56bfc062723c751e8b465ee728b)
Start importing Assets/Plugins/LeapMotion/Core/Examples/Example Assets/Attachment Hands Example Red.mat using Guid(113742fcb5ec3254e96c40315b70f248) Importer(815301076,1909f56bfc062723c751e8b465ee728b)  -> (artifact id: 'b04d2472d2dc28b26a6cfd9278284289') in 0.045504 seconds
  Import took 0.049098 seconds .

========================================================================
Received Import Request.
  Time since last request: 0.000226 seconds.
  path: Assets/Plugins/LeapMotion/Core/Models/Materials/RightHand.mat
  artifactKey: Guid(6abeee8e66f6d66499ebfabe3071781b) Importer(815301076,1909f56bfc062723c751e8b465ee728b)
Start importing Assets/Plugins/LeapMotion/Core/Models/Materials/RightHand.mat using Guid(6abeee8e66f6d66499ebfabe3071781b) Importer(815301076,1909f56bfc062723c751e8b465ee728b)  -> (artifact id: 'aa177165ccb647eab39ed6f4aaadba22') in 0.022684 seconds
  Import took 0.026184 seconds .

========================================================================
Received Import Request.
  Time since last request: 0.000237 seconds.
  path: Assets/Plugins/LeapMotion/Core/Prefabs/HandModelsPhysical/ThickRigidHand.prefab
  artifactKey: Guid(d1ee2987e72174f659cdf5447ad5403c) Importer(815301076,1909f56bfc062723c751e8b465ee728b)
Start importing Assets/Plugins/LeapMotion/Core/Prefabs/HandModelsPhysical/ThickRigidHand.prefab using Guid(d1ee2987e72174f659cdf5447ad5403c) Importer(815301076,1909f56bfc062723c751e8b465ee728b)  -> (artifact id: '0257b53c6770963fc21ef4f3f1d91d97') in 0.013971 seconds
  Import took 0.017544 seconds .

========================================================================
Received Import Request.
  Time since last request: 0.000272 seconds.
  path: Assets/Plugins/LeapMotion/Core/Models/Materials/LeftHand.mat
  artifactKey: Guid(83278e7188ea55a498165e1b85cde644) Importer(815301076,1909f56bfc062723c751e8b465ee728b)
Start importing Assets/Plugins/LeapMotion/Core/Models/Materials/LeftHand.mat using Guid(83278e7188ea55a498165e1b85cde644) Importer(815301076,1909f56bfc062723c751e8b465ee728b)  -> (artifact id: 'a12ca702bd1b9b57c28e42add0245dd0') in 0.022457 seconds
  Import took 0.026242 seconds .

========================================================================
Received Import Request.
  Time since last request: 0.000219 seconds.
  path: Assets/Plugins/LeapMotion/Legacy/Attachments/Examples/Resources/LighterHand.png
  artifactKey: Guid(d0c2746a73af5b444ae0d8dde4413ea7) Importer(815301076,1909f56bfc062723c751e8b465ee728b)
Start importing Assets/Plugins/LeapMotion/Legacy/Attachments/Examples/Resources/LighterHand.png using Guid(d0c2746a73af5b444ae0d8dde4413ea7) Importer(815301076,1909f56bfc062723c751e8b465ee728b)  -> (artifact id: '4e6154b402ffbbe421e5d0db1eb32701') in 0.034778 seconds
  Import took 0.038384 seconds .

========================================================================
Received Import Request.
  Time since last request: 0.000277 seconds.
  path: Assets/Plugins/LeapMotion/Core/Models/LoPoly_Rigged_Hand_Left.fbx
  artifactKey: Guid(5413bab15c3dd4a4085a9fe254a17e96) Importer(815301076,1909f56bfc062723c751e8b465ee728b)
Start importing Assets/Plugins/LeapMotion/Core/Models/LoPoly_Rigged_Hand_Left.fbx using Guid(5413bab15c3dd4a4085a9fe254a17e96) Importer(815301076,1909f56bfc062723c751e8b465ee728b)  -> (artifact id: '3826fcf13cca158908ace551b636c675') in 0.076065 seconds
  Import took 0.079876 seconds .

========================================================================
Received Import Request.
  Time since last request: 0.000297 seconds.
  path: Assets/Plugins/LeapMotion/Modules/Hands/Prefabs/HandModelsNonhuman/PolyHand3.prefab
  artifactKey: Guid(561ca011b57384fa0a1b0575a2f12d2c) Importer(815301076,1909f56bfc062723c751e8b465ee728b)
Start importing Assets/Plugins/LeapMotion/Modules/Hands/Prefabs/HandModelsNonhuman/PolyHand3.prefab using Guid(561ca011b57384fa0a1b0575a2f12d2c) Importer(815301076,1909f56bfc062723c751e8b465ee728b)  -> (artifact id: '7fd006daea311a051385dd0dd1ad9343') in 0.013639 seconds
  Import took 0.017096 seconds .

========================================================================
Received Import Request.
  Time since last request: 0.000234 seconds.
  path: Assets/Plugins/LeapMotion/Modules/Hands/Materials/GrayHand.mat
  artifactKey: Guid(54c7ebaa87ca86c43b6415f91033b9e2) Importer(815301076,1909f56bfc062723c751e8b465ee728b)
Start importing Assets/Plugins/LeapMotion/Modules/Hands/Materials/GrayHand.mat using Guid(54c7ebaa87ca86c43b6415f91033b9e2) Importer(815301076,1909f56bfc062723c751e8b465ee728b)  -> (artifact id: '5a3d39bdb9a735df146f28e773b91d27') in 0.131849 seconds
  Import took 0.135182 seconds .

========================================================================
Received Import Request.
  Time since last request: 0.000249 seconds.
  path: Assets/Plugins/LeapMotion/Core/Prefabs/HandModelsPhysical/RigidRoundHand_R.prefab
  artifactKey: Guid(c8515ebee271c0649b9db1321f3026a4) Importer(815301076,1909f56bfc062723c751e8b465ee728b)
Start importing Assets/Plugins/LeapMotion/Core/Prefabs/HandModelsPhysical/RigidRoundHand_R.prefab using Guid(c8515ebee271c0649b9db1321f3026a4) Importer(815301076,1909f56bfc062723c751e8b465ee728b)  -> (artifact id: '47e1f255c3c16a47d016c24b8db83ba2') in 0.010592 seconds
  Import took 0.014256 seconds .

========================================================================
Received Import Request.
  Time since last request: 0.000233 seconds.
  path: Assets/Plugins/LeapMotion/Modules/InteractionEngine/Prefabs/Interaction Controllers/Interaction Hand (Right).prefab
  artifactKey: Guid(edcc5ee563218a84ab541a00a47ea5c8) Importer(815301076,1909f56bfc062723c751e8b465ee728b)
Start importing Assets/Plugins/LeapMotion/Modules/InteractionEngine/Prefabs/Interaction Controllers/Interaction Hand (Right).prefab using Guid(edcc5ee563218a84ab541a00a47ea5c8) Importer(815301076,1909f56bfc062723c751e8b465ee728b)  -> (artifact id: 'bbec2a20b3e18b6af54b2e34873de869') in 0.016472 seconds
  Import took 0.020071 seconds .

========================================================================
Received Import Request.
  Time since last request: 0.000247 seconds.
  path: Assets/Plugins/LeapMotion/Core/Prefabs/HandModelsNonHuman/Capsule Hand Right.prefab
  artifactKey: Guid(39d18871c11b53c4082d8202e3db68a3) Importer(815301076,1909f56bfc062723c751e8b465ee728b)
Start importing Assets/Plugins/LeapMotion/Core/Prefabs/HandModelsNonHuman/Capsule Hand Right.prefab using Guid(39d18871c11b53c4082d8202e3db68a3) Importer(815301076,1909f56bfc062723c751e8b465ee728b)  -> (artifact id: 'f1435f79b2d3fd93886c8bedfa9459de') in 0.012842 seconds
  Import took 0.016359 seconds .

========================================================================
Received Import Request.
  Time since last request: 0.000280 seconds.
  path: Assets/Plugins/LeapMotion/Modules/Hands/Materials/TransparentHand.mat
  artifactKey: Guid(d9ec864154a8e814f9b8eb272c4b06e0) Importer(815301076,1909f56bfc062723c751e8b465ee728b)
Start importing Assets/Plugins/LeapMotion/Modules/Hands/Materials/TransparentHand.mat using Guid(d9ec864154a8e814f9b8eb272c4b06e0) Importer(815301076,1909f56bfc062723c751e8b465ee728b)  -> (artifact id: '3af6c3a7b9ed030c202c1e4660127c52') in 0.343201 seconds
  Import took 0.347089 seconds .

========================================================================
Received Import Request.
  Time since last request: 0.000273 seconds.
  path: Assets/Plugins/LeapMotion/Core/Prefabs/HandModelsPhysical/RigidFullHand.prefab
  artifactKey: Guid(f64990f14a4ef41e1aa0c2c8b5fbf1a0) Importer(815301076,1909f56bfc062723c751e8b465ee728b)
Start importing Assets/Plugins/LeapMotion/Core/Prefabs/HandModelsPhysical/RigidFullHand.prefab using Guid(f64990f14a4ef41e1aa0c2c8b5fbf1a0) Importer(815301076,1909f56bfc062723c751e8b465ee728b)  -> (artifact id: '0c5b3ade34b812b2a9fcfc72a43faf8b') in 0.010689 seconds
  Import took 0.014415 seconds .

========================================================================
Received Import Request.
  Time since last request: 0.000226 seconds.
  path: Assets/Plugins/LeapMotion/Core/Models/LoPoly_Rigged_Hand_Right.fbx
  artifactKey: Guid(ce6112dd14179d448958c91c5b4e8de2) Importer(815301076,1909f56bfc062723c751e8b465ee728b)
Start importing Assets/Plugins/LeapMotion/Core/Models/LoPoly_Rigged_Hand_Right.fbx using Guid(ce6112dd14179d448958c91c5b4e8de2) Importer(815301076,1909f56bfc062723c751e8b465ee728b)  -> (artifact id: '7d28e3ddf257f3aafbc9501e1c0bb93b') in 0.035786 seconds
  Import took 0.039610 seconds .

========================================================================
Received Import Request.
  Time since last request: 0.000224 seconds.
  path: Assets/Plugins/LeapMotion/Core/Examples/Example Assets/Attachment Hands Example Blue.mat
  artifactKey: Guid(67b66d4eb50ed684d94eb00bc04709d2) Importer(815301076,1909f56bfc062723c751e8b465ee728b)
Start importing Assets/Plugins/LeapMotion/Core/Examples/Example Assets/Attachment Hands Example Blue.mat using Guid(67b66d4eb50ed684d94eb00bc04709d2) Importer(815301076,1909f56bfc062723c751e8b465ee728b)  -> (artifact id: '03793de52e3b05e31093ed2f2fb61bee') in 0.020538 seconds
  Import took 0.024049 seconds .

========================================================================
Received Import Request.
  Time since last request: 0.000225 seconds.
  path: Assets/Plugins/LeapMotion/Core/Examples/Example Assets/Attachment Hands Example Transform Prefab.prefab
  artifactKey: Guid(1477d75bc13cce74ea026927aa88dd9f) Importer(815301076,1909f56bfc062723c751e8b465ee728b)
Start importing Assets/Plugins/LeapMotion/Core/Examples/Example Assets/Attachment Hands Example Transform Prefab.prefab using Guid(1477d75bc13cce74ea026927aa88dd9f) Importer(815301076,1909f56bfc062723c751e8b465ee728b)  -> (artifact id: '0128d85f38ed9444b2d1b2c0cf274cff') in 0.023591 seconds
  Import took 0.027187 seconds .

========================================================================
Received Import Request.
  Time since last request: 0.000298 seconds.
  path: Assets/Plugins/LeapMotion/Modules/InteractionEngine/Prefabs/Interaction Controllers/Interaction Hand (Left).prefab
  artifactKey: Guid(8b0fa35b4cedcf243b23166070e235ec) Importer(815301076,1909f56bfc062723c751e8b465ee728b)
Start importing Assets/Plugins/LeapMotion/Modules/InteractionEngine/Prefabs/Interaction Controllers/Interaction Hand (Left).prefab using Guid(8b0fa35b4cedcf243b23166070e235ec) Importer(815301076,1909f56bfc062723c751e8b465ee728b)  -> (artifact id: 'c443339664635ff5953c899b03c5ae57') in 0.010662 seconds
  Import took 0.014992 seconds .

========================================================================
Received Import Request.
  Time since last request: 0.000476 seconds.
  path: Assets/Plugins/LeapMotion/Core/Models/Materials/Lamb_LoPolyHand.mat
  artifactKey: Guid(c5b9e8be6efc5c74aad1024a1e60cc0b) Importer(815301076,1909f56bfc062723c751e8b465ee728b)
Start importing Assets/Plugins/LeapMotion/Core/Models/Materials/Lamb_LoPolyHand.mat using Guid(c5b9e8be6efc5c74aad1024a1e60cc0b) Importer(815301076,1909f56bfc062723c751e8b465ee728b)  -> (artifact id: '734170e1572685d771ada7507d2ef671') in 0.024254 seconds
  Import took 0.028426 seconds .

========================================================================
Received Import Request.
  Time since last request: 0.000289 seconds.
  path: Assets/Plugins/LeapMotion/Modules/Hands/Prefabs/HandModelsNonhuman/PolyHand2.prefab
  artifactKey: Guid(368ede197811445f9b84f8ade38f75cd) Importer(815301076,1909f56bfc062723c751e8b465ee728b)
Start importing Assets/Plugins/LeapMotion/Modules/Hands/Prefabs/HandModelsNonhuman/PolyHand2.prefab using Guid(368ede197811445f9b84f8ade38f75cd) Importer(815301076,1909f56bfc062723c751e8b465ee728b)  -> (artifact id: 'd0aecc155d64650a5a5430d228d34642') in 0.010504 seconds
  Import took 0.014101 seconds .

========================================================================
Received Import Request.
  Time since last request: 0.000199 seconds.
  path: Assets/Plugins/LeapMotion/Internal/VRVisualizer/ScenesResources/CapsuleHandMat.mat
  artifactKey: Guid(2177dcab57f0bf94f8974dbcf7edc036) Importer(815301076,1909f56bfc062723c751e8b465ee728b)
Start importing Assets/Plugins/LeapMotion/Internal/VRVisualizer/ScenesResources/CapsuleHandMat.mat using Guid(2177dcab57f0bf94f8974dbcf7edc036) Importer(815301076,1909f56bfc062723c751e8b465ee728b)  -> (artifact id: '121e3a600b3bdaaed9d2b0f528fd9f0a') in 0.021173 seconds
  Import took 0.024635 seconds .

========================================================================
Received Import Request.
  Time since last request: 0.000213 seconds.
  path: Assets/Plugins/LeapMotion/Core/Examples/Example Assets/Attachment Hands Example Green.mat
  artifactKey: Guid(81f6d387b9d5c994d9e291af97c84648) Importer(815301076,1909f56bfc062723c751e8b465ee728b)
Start importing Assets/Plugins/LeapMotion/Core/Examples/Example Assets/Attachment Hands Example Green.mat using Guid(81f6d387b9d5c994d9e291af97c84648) Importer(815301076,1909f56bfc062723c751e8b465ee728b)  -> (artifact id: '459a453712d422ceb0af2ce9af27025c') in 0.022233 seconds
  Import took 0.025929 seconds .

========================================================================
Received Import Request.
  Time since last request: 0.000212 seconds.
  path: Assets/Plugins/LeapMotion/Core/Prefabs/LeapHandController.prefab
  artifactKey: Guid(b9c7aaf0d314cb847a3b2a20e893f1b6) Importer(815301076,1909f56bfc062723c751e8b465ee728b)
Start importing Assets/Plugins/LeapMotion/Core/Prefabs/LeapHandController.prefab using Guid(b9c7aaf0d314cb847a3b2a20e893f1b6) Importer(815301076,1909f56bfc062723c751e8b465ee728b)  -> (artifact id: 'e9178335f25737de005040d0aed14444') in 0.017882 seconds
  Import took 0.021455 seconds .

========================================================================
Received Import Request.
  Time since last request: 0.000206 seconds.
  path: Assets/Plugins/LeapMotion/Core/Prefabs/HandModelsNonHuman/Capsule Hand Left.prefab
  artifactKey: Guid(869d20cdda15af24aab9e72b5f2eec78) Importer(815301076,1909f56bfc062723c751e8b465ee728b)
Start importing Assets/Plugins/LeapMotion/Core/Prefabs/HandModelsNonHuman/Capsule Hand Left.prefab using Guid(869d20cdda15af24aab9e72b5f2eec78) Importer(815301076,1909f56bfc062723c751e8b465ee728b)  -> (artifact id: 'dd5c358fb9bbd68d9ed0d605d66ceebb') in 0.010398 seconds
  Import took 0.014184 seconds .

========================================================================
Received Import Request.
  Time since last request: 0.000231 seconds.
  path: Assets/Plugins/LeapMotion/Core/Prefabs/HandModelsPhysical/RigidRoundHand.prefab
  artifactKey: Guid(dc02f2d83c1ac4b4d9b4ec82df1b1732) Importer(815301076,1909f56bfc062723c751e8b465ee728b)
Start importing Assets/Plugins/LeapMotion/Core/Prefabs/HandModelsPhysical/RigidRoundHand.prefab using Guid(dc02f2d83c1ac4b4d9b4ec82df1b1732) Importer(815301076,1909f56bfc062723c751e8b465ee728b)  -> (artifact id: '3e94e37f6dac16065ab6e41a84d889dd') in 0.012753 seconds
  Import took 0.016316 seconds .

========================================================================
Received Import Request.
  Time since last request: 0.000248 seconds.
  path: Assets/Plugins/LeapMotion/Core/Prefabs/HandModelsPhysical/RigidHand.prefab
  artifactKey: Guid(4b359b2f0d7d14ef0a97b45ec153a3ef) Importer(815301076,1909f56bfc062723c751e8b465ee728b)
Start importing Assets/Plugins/LeapMotion/Core/Prefabs/HandModelsPhysical/RigidHand.prefab using Guid(4b359b2f0d7d14ef0a97b45ec153a3ef) Importer(815301076,1909f56bfc062723c751e8b465ee728b)  -> (artifact id: 'cafb01918895448d779473949eff34ad') in 0.010352 seconds
  Import took 0.014012 seconds .

========================================================================
Received Import Request.
  Time since last request: 0.000228 seconds.
  path: Assets/Plugins/LeapMotion/Core/Prefabs/HandModelsNonHuman/LoPoly Rigged Hand Left.prefab
  artifactKey: Guid(2aa010a1e75292e49a24f3f71bb9cddb) Importer(815301076,1909f56bfc062723c751e8b465ee728b)
Start importing Assets/Plugins/LeapMotion/Core/Prefabs/HandModelsNonHuman/LoPoly Rigged Hand Left.prefab using Guid(2aa010a1e75292e49a24f3f71bb9cddb) Importer(815301076,1909f56bfc062723c751e8b465ee728b)  -> (artifact id: 'aecebe9bdce1cd40fa0542471f3d0c96') in 0.028104 seconds
  Import took 0.031913 seconds .

========================================================================
Received Import Request.
  Time since last request: 0.000255 seconds.
  path: Assets/Plugins/LeapMotion/Core/EditorResources/HandTex.png
  artifactKey: Guid(deb56e030d40a2e459ff79f6da5e82cc) Importer(815301076,1909f56bfc062723c751e8b465ee728b)
Start importing Assets/Plugins/LeapMotion/Core/EditorResources/HandTex.png using Guid(deb56e030d40a2e459ff79f6da5e82cc) Importer(815301076,1909f56bfc062723c751e8b465ee728b)  -> (artifact id: '1481a3be26e4743f7afe9f448d4d0e12') in 0.020726 seconds
  Import took 0.024255 seconds .

========================================================================
Received Import Request.
  Time since last request: 0.000237 seconds.
  path: Assets/Plugins/LeapMotion/Core/Prefabs/HandModelsPhysical/RigidRoundHand_L.prefab
  artifactKey: Guid(23f2cce114628a448bfeaae171b4c0c0) Importer(815301076,1909f56bfc062723c751e8b465ee728b)
Start importing Assets/Plugins/LeapMotion/Core/Prefabs/HandModelsPhysical/RigidRoundHand_L.prefab using Guid(23f2cce114628a448bfeaae171b4c0c0) Importer(815301076,1909f56bfc062723c751e8b465ee728b)  -> (artifact id: 'e4421dd226dd83ec1ffa6814c76e6528') in 0.010448 seconds
  Import took 0.014246 seconds .

========================================================================
Received Import Request.
  Time since last request: 0.000278 seconds.
  path: Assets/Plugins/LeapMotion/Core/Models/LoPoly_Rigged_Hands_Skeleton.fbx
  artifactKey: Guid(affe8bf845b965a489b693bfe8b9bb11) Importer(815301076,1909f56bfc062723c751e8b465ee728b)
Start importing Assets/Plugins/LeapMotion/Core/Models/LoPoly_Rigged_Hands_Skeleton.fbx using Guid(affe8bf845b965a489b693bfe8b9bb11) Importer(815301076,1909f56bfc062723c751e8b465ee728b)  -> (artifact id: 'b66438b0c5dee2d8ba02be69e8f25d0e') in 0.056653 seconds
  Import took 0.061038 seconds .

========================================================================
Received Import Request.
  Time since last request: 0.000258 seconds.
  path: Assets/Plugins/LeapMotion/Legacy/Attachments/Prefabs/HandAttachments-R.prefab
  artifactKey: Guid(585b1cb301cc5094d8606d5e869e94e6) Importer(815301076,1909f56bfc062723c751e8b465ee728b)
Start importing Assets/Plugins/LeapMotion/Legacy/Attachments/Prefabs/HandAttachments-R.prefab using Guid(585b1cb301cc5094d8606d5e869e94e6) Importer(815301076,1909f56bfc062723c751e8b465ee728b)  -> (artifact id: 'ebb5737fa4a37dc8c9262c7cbcfa2e76') in 0.010729 seconds
  Import took 0.014602 seconds .

========================================================================
Received Import Request.
  Time since last request: 0.000298 seconds.
  path: Assets/Plugins/LeapMotion/Modules/Hands/Materials/MetalHand.mat
  artifactKey: Guid(bf80319dac15241128782f687535d4f7) Importer(815301076,1909f56bfc062723c751e8b465ee728b)
Start importing Assets/Plugins/LeapMotion/Modules/Hands/Materials/MetalHand.mat using Guid(bf80319dac15241128782f687535d4f7) Importer(815301076,1909f56bfc062723c751e8b465ee728b)  -> (artifact id: 'a66d9eb2f25dd9642257475e2cdbf1cb') in 0.192072 seconds
  Import took 0.195745 seconds .

========================================================================
Received Import Request.
  Time since last request: 0.000249 seconds.
  path: Assets/Plugins/LeapMotion/Legacy/DetectionExamples/Resources/PointingHand.png
  artifactKey: Guid(d1b2f35c4e6664241ad83f06bc091dfe) Importer(815301076,1909f56bfc062723c751e8b465ee728b)
Start importing Assets/Plugins/LeapMotion/Legacy/DetectionExamples/Resources/PointingHand.png using Guid(d1b2f35c4e6664241ad83f06bc091dfe) Importer(815301076,1909f56bfc062723c751e8b465ee728b)  -> (artifact id: 'c113730147cb1e4aa0a634252ea590dc') in 0.027262 seconds
  Import took 0.030800 seconds .

========================================================================
Received Import Request.
  Time since last request: 0.000232 seconds.
  path: Assets/Plugins/LeapMotion/Modules/Hands/Prefabs/HandModelsNonhuman/PolyHand1.prefab
  artifactKey: Guid(7d0286b4b0dbe40248b3fe201ba8adf5) Importer(815301076,1909f56bfc062723c751e8b465ee728b)
Start importing Assets/Plugins/LeapMotion/Modules/Hands/Prefabs/HandModelsNonhuman/PolyHand1.prefab using Guid(7d0286b4b0dbe40248b3fe201ba8adf5) Importer(815301076,1909f56bfc062723c751e8b465ee728b)  -> (artifact id: '5bb813d918d74154f114feeaa7ca9ab9') in 0.010462 seconds
  Import took 0.014253 seconds .

========================================================================
Received Import Request.
  Time since last request: 1.814289 seconds.
  path: Assets/Plugins/LeapMotion/Core/Plugins/LeapCSharp/Hand.cs
  artifactKey: Guid(255a885712eef5b4fa34007658c9f745) Importer(815301076,1909f56bfc062723c751e8b465ee728b)
Start importing Assets/Plugins/LeapMotion/Core/Plugins/LeapCSharp/Hand.cs using Guid(255a885712eef5b4fa34007658c9f745) Importer(815301076,1909f56bfc062723c751e8b465ee728b)  -> (artifact id: 'f26b60ffc7b4a555d7efb8d3eedc0ecc') in 0.010500 seconds
  Import took 0.014225 seconds .

========================================================================
Received Import Request.
  Time since last request: 3.727035 seconds.
  path: Assets/Plugins/LeapMotion/Core/Plugins/LeapCSharp/LeapMotion.LeapCSharp.asmdef
  artifactKey: Guid(2ee0542102ac1084e8d9a910885c1e81) Importer(815301076,1909f56bfc062723c751e8b465ee728b)
Start importing Assets/Plugins/LeapMotion/Core/Plugins/LeapCSharp/LeapMotion.LeapCSharp.asmdef using Guid(2ee0542102ac1084e8d9a910885c1e81) Importer(815301076,1909f56bfc062723c751e8b465ee728b)  -> (artifact id: '14b8dccc44157ae33f490ad7fe74bc23') in 0.010569 seconds
  Import took 0.014685 seconds .

========================================================================
Received Import Request.
  Time since last request: 20.607776 seconds.
  path: Assets/Plugins/LeapMotion/Core/Plugins/LeapCSharp
  artifactKey: Guid(d81fae6aaac8439498a4c397dec9eb42) Importer(815301076,1909f56bfc062723c751e8b465ee728b)
Start importing Assets/Plugins/LeapMotion/Core/Plugins/LeapCSharp using Guid(d81fae6aaac8439498a4c397dec9eb42) Importer(815301076,1909f56bfc062723c751e8b465ee728b)  -> (artifact id: '3eb096de06557a4574c9fc95c2599ae4') in 0.009971 seconds
  Import took 0.013647 seconds .

========================================================================
Received Import Request.
  Time since last request: 28.690763 seconds.
  path: Assets/Scripts
  artifactKey: Guid(7d55d9047b4d68e4fa743939ab898051) Importer(815301076,1909f56bfc062723c751e8b465ee728b)
Start importing Assets/Scripts using Guid(7d55d9047b4d68e4fa743939ab898051) Importer(815301076,1909f56bfc062723c751e8b465ee728b)  -> (artifact id: 'c7b4fc01804eb5f2ca5c2d71e83f6930') in 0.003328 seconds
  Import took 0.007065 seconds .

========================================================================
Received Prepare
Registering precompiled user dll's ...
Registered in 0.003529 seconds.
Begin MonoManager ReloadAssembly
Native extension for WindowsStandalone target not found
Refreshing native plugins compatible for Editor in 0.70 ms, found 4 plugins.
Preloading 1 native plugins for Editor in 0.08 ms.
Invoked RoslynAnalysisRunner static constructor.
RoslynAnalysisRunner will not be running.
RoslynAnalysisRunner has terminated.
NullReferenceException: Object reference not set to an instance of an object
  at Unity.XR.Oculus.OculusLoader.AssetPathToAbsolutePath (System.String assetPath) [0x00048] in D:\Unity Projects\LeapUnityModules\Library\PackageCache\com.unity.xr.oculus@1.7.0\Runtime\OculusLoader.cs:243 
  at Unity.XR.Oculus.OculusLoader.EditorLoadOVRPlugin () [0x0007b] in D:\Unity Projects\LeapUnityModules\Library\PackageCache\com.unity.xr.oculus@1.7.0\Runtime\OculusLoader.cs:228 

(Filename: Library/PackageCache/com.unity.xr.oculus@1.7.0/Runtime/OculusLoader.cs Line: 243)

Mono: successfully reloaded assembly
- Completed reload, in  1.191 seconds
Platform modules already initialized, skipping
Refreshing native plugins compatible for Editor in 0.64 ms, found 4 plugins.
Preloading 1 native plugins for Editor in 0.09 ms.
Unloading 1901 Unused Serialized files (Serialized files now loaded: 0)
System memory in use before: 95.7 MB.
System memory in use after: 95.8 MB.

Unloading 8 unused Assets to reduce memory usage. Loaded Objects now: 2438.
Total: 3.857100 ms (FindLiveObjects: 0.372500 ms CreateObjectMapping: 0.086500 ms MarkObjects: 3.362600 ms  DeleteObjects: 0.033500 ms)

========================================================================
Received Import Request.
  Time since last request: 17.420217 seconds.
  path: Assets/Scripts/ArticulationBrushHand.cs
  artifactKey: Guid(520e754c96a871043baab2bc863aa01e) Importer(815301076,1909f56bfc062723c751e8b465ee728b)
Start importing Assets/Scripts/ArticulationBrushHand.cs using Guid(520e754c96a871043baab2bc863aa01e) Importer(815301076,1909f56bfc062723c751e8b465ee728b)  -> (artifact id: '128c19e32850bdad6f37857c8ad74d27') in 0.011909 seconds
  Import took 0.015544 seconds .

========================================================================
Received Import Request.
  Time since last request: 0.034669 seconds.
  path: Assets/Scripts/ArticulationBrushHand.cs
  artifactKey: Guid(520e754c96a871043baab2bc863aa01e) Importer(815301076,1909f56bfc062723c751e8b465ee728b)
Start importing Assets/Scripts/ArticulationBrushHand.cs using Guid(520e754c96a871043baab2bc863aa01e) Importer(815301076,1909f56bfc062723c751e8b465ee728b)  -> (artifact id: '128c19e32850bdad6f37857c8ad74d27') in 0.003572 seconds
  Import took 0.007466 seconds .

========================================================================
Received Prepare
Registering precompiled user dll's ...
Registered in 0.003601 seconds.
Begin MonoManager ReloadAssembly
Native extension for WindowsStandalone target not found
Refreshing native plugins compatible for Editor in 0.57 ms, found 4 plugins.
Preloading 1 native plugins for Editor in 0.07 ms.
Invoked RoslynAnalysisRunner static constructor.
RoslynAnalysisRunner will not be running.
RoslynAnalysisRunner has terminated.
NullReferenceException: Object reference not set to an instance of an object
  at Unity.XR.Oculus.OculusLoader.AssetPathToAbsolutePath (System.String assetPath) [0x00048] in D:\Unity Projects\LeapUnityModules\Library\PackageCache\com.unity.xr.oculus@1.7.0\Runtime\OculusLoader.cs:243 
  at Unity.XR.Oculus.OculusLoader.EditorLoadOVRPlugin () [0x0007b] in D:\Unity Projects\LeapUnityModules\Library\PackageCache\com.unity.xr.oculus@1.7.0\Runtime\OculusLoader.cs:228 

(Filename: Library/PackageCache/com.unity.xr.oculus@1.7.0/Runtime/OculusLoader.cs Line: 243)

Mono: successfully reloaded assembly
- Completed reload, in  1.153 seconds
Platform modules already initialized, skipping
Refreshing native plugins compatible for Editor in 0.61 ms, found 4 plugins.
Preloading 1 native plugins for Editor in 0.07 ms.
Unloading 1900 Unused Serialized files (Serialized files now loaded: 0)
System memory in use before: 95.7 MB.
System memory in use after: 95.8 MB.

Unloading 8 unused Assets to reduce memory usage. Loaded Objects now: 2440.
Total: 2.596100 ms (FindLiveObjects: 0.275400 ms CreateObjectMapping: 0.057600 ms MarkObjects: 2.236300 ms  DeleteObjects: 0.025200 ms)

========================================================================
Received Prepare
Registering precompiled user dll's ...
Registered in 0.003192 seconds.
Begin MonoManager ReloadAssembly
Native extension for WindowsStandalone target not found
Refreshing native plugins compatible for Editor in 0.55 ms, found 4 plugins.
Preloading 1 native plugins for Editor in 0.08 ms.
Invoked RoslynAnalysisRunner static constructor.
RoslynAnalysisRunner will not be running.
RoslynAnalysisRunner has terminated.
NullReferenceException: Object reference not set to an instance of an object
  at Unity.XR.Oculus.OculusLoader.AssetPathToAbsolutePath (System.String assetPath) [0x00048] in D:\Unity Projects\LeapUnityModules\Library\PackageCache\com.unity.xr.oculus@1.7.0\Runtime\OculusLoader.cs:243 
  at Unity.XR.Oculus.OculusLoader.EditorLoadOVRPlugin () [0x0007b] in D:\Unity Projects\LeapUnityModules\Library\PackageCache\com.unity.xr.oculus@1.7.0\Runtime\OculusLoader.cs:228 

(Filename: Library/PackageCache/com.unity.xr.oculus@1.7.0/Runtime/OculusLoader.cs Line: 243)

Mono: successfully reloaded assembly
- Completed reload, in  1.119 seconds
Platform modules already initialized, skipping
Refreshing native plugins compatible for Editor in 0.56 ms, found 4 plugins.
Preloading 1 native plugins for Editor in 0.07 ms.
Unloading 1889 Unused Serialized files (Serialized files now loaded: 0)
System memory in use before: 95.5 MB.
System memory in use after: 95.6 MB.

Unloading 17 unused Assets to reduce memory usage. Loaded Objects now: 2433.
Total: 3.184300 ms (FindLiveObjects: 0.286900 ms CreateObjectMapping: 0.057600 ms MarkObjects: 2.811600 ms  DeleteObjects: 0.026600 ms)

========================================================================
Received Import Request.
  Time since last request: 937.713478 seconds.
  path: Assets/Plugins/LeapMotion/Core/Examples
  artifactKey: Guid(645c3369ca8c6be47bcaa09bfe6785ea) Importer(815301076,1909f56bfc062723c751e8b465ee728b)
Start importing Assets/Plugins/LeapMotion/Core/Examples using Guid(645c3369ca8c6be47bcaa09bfe6785ea) Importer(815301076,1909f56bfc062723c751e8b465ee728b)  -> (artifact id: 'd12bfb786f98da1e3a396e465d04de7c') in 0.012174 seconds
  Import took 0.015913 seconds .

AssetImportWorkerClient::OnTransportError - code=2 error=End of file
